Версия MSBuild 17.14.40+3e7442088 для .NET Framework
Сборка начата 18.06.2026 16:42:08.

Проект "C:\Users\moroz\source\repos\BQ Eng res .NET 4.8\BecquerelMonitor\BecquerelMonitor.csproj" в узле 1 (целевые объекты Build).
GenerateBindingRedirects:
Целевой объект "GenerateBindingRedirects" пропускается, так как все выходные файлы актуальны по отношению к входным.
CoreResGen:
  Отсутствуют ресурсы, устаревшие по отношению к своим исходным файлам. Пропуск формирования ресурсов.
GenerateTargetFrameworkMonikerAttribute:
Целевой объект "GenerateTargetFrameworkMonikerAttribute" пропускается, так как все выходные файлы актуальны по отношению к входным.
CoreCompile:
Целевой объект "CoreCompile" пропускается, так как все выходные файлы актуальны по отношению к входным.
GenerateSatelliteAssemblies:
Целевой объект "GenerateSatelliteAssemblies" пропускается, так как все выходные файлы актуальны по отношению к входным.
CleanPublishFolder:
  Удаление каталога "bin\Debug_Codex\app.publish\".
_DeploymentGenerateTrustInfo:
Целевой объект "_DeploymentGenerateTrustInfo" пропускается, так как все выходные файлы актуальны по отношению к входным.
_DeploymentComputeClickOnceManifestInfo:
  Создание каталога "bin\Debug_Codex\app.publish".
  Копирование файла из "C:\Users\moroz\source\repos\BQ Eng res .NET 4.8\BecquerelMonitor\obj\Debug\BecquerelMonitor.exe" в "C:\Users\moroz\source\repos\BQ Eng res .NET 4.8\BecquerelMonitor\bin\Debug_Codex\app.publish\BecquerelMonitor.exe".
GenerateApplicationManifest:
Целевой объект "GenerateApplicationManifest" пропускается, так как все выходные файлы актуальны по отношению к входным.
GenerateDeploymentManifest:
Целевой объект "GenerateDeploymentManifest" пропускается, так как все выходные файлы актуальны по отношению к входным.
_CopyOutOfDateSourceItemsToOutputDirectory:
Целевой объект "_CopyOutOfDateSourceItemsToOutputDirectory" пропускается, так как все выходные файлы актуальны по отношению к входным.
_CopyAppConfigFile:
Целевой объект "_CopyAppConfigFile" пропускается, так как все выходные файлы актуальны по отношению к входным.
_CopyManifestFiles:
  Копирование файла из "C:\Users\moroz\source\repos\BQ Eng res .NET 4.8\BecquerelMonitor\obj\Debug\BecquerelMonitor.exe.manifest" в "C:\Users\moroz\source\repos\BQ Eng res .NET 4.8\BecquerelMonitor\bin\Debug_Codex\BecquerelMonitor.exe.manifest".
  BecquerelMonitor -> C:\Users\moroz\source\repos\BQ Eng res .NET 4.8\BecquerelMonitor\bin\Debug_Codex\BecquerelMonitor.exe.manifest
  Копирование файла из "C:\Users\moroz\source\repos\BQ Eng res .NET 4.8\BecquerelMonitor\obj\Debug\BecquerelMonitor.application" в "C:\Users\moroz\source\repos\BQ Eng res .NET 4.8\BecquerelMonitor\bin\Debug_Codex\BecquerelMonitor.application".
  BecquerelMonitor -> C:\Users\moroz\source\repos\BQ Eng res .NET 4.8\BecquerelMonitor\bin\Debug_Codex\BecquerelMonitor.application
CopyFilesToOutputDirectory:
  Копирование файла из "C:\Users\moroz\source\repos\BQ Eng res .NET 4.8\BecquerelMonitor\obj\Debug\BecquerelMonitor.exe" в "C:\Users\moroz\source\repos\BQ Eng res .NET 4.8\BecquerelMonitor\bin\Debug_Codex\BecquerelMonitor.exe".
  BecquerelMonitor -> C:\Users\moroz\source\repos\BQ Eng res .NET 4.8\BecquerelMonitor\bin\Debug_Codex\BecquerelMonitor.exe
  Копирование файла из "C:\Users\moroz\source\repos\BQ Eng res .NET 4.8\BecquerelMonitor\obj\Debug\BecquerelMonitor.pdb" в "C:\Users\moroz\source\repos\BQ Eng res .NET 4.8\BecquerelMonitor\bin\Debug_Codex\BecquerelMonitor.pdb".
  Копирование файла из "C:\Users\moroz\source\repos\BQ Eng res .NET 4.8\BecquerelMonitor\obj\Debug\ru\BecquerelMonitor.resources.dll" в "C:\Users\moroz\source\repos\BQ Eng res .NET 4.8\BecquerelMonitor\bin\Debug_Codex\ru\BecquerelMonitor.resources.dll".
Сборка проекта "C:\Users\moroz\source\repos\BQ Eng res .NET 4.8\BecquerelMonitor\BecquerelMonitor.csproj" завершена (целевые объекты Build).

Сборка успешно завершена.
    Предупреждений: 0
    Ошибок: 0

Прошло времени 00:00:00.48
